<?xml version="1.0" encoding="UTF-8"?>
<testng-results ignored="0" total="1" passed="1" failed="0" skipped="0">
  <reporter-output>
  </reporter-output>
  <suite started-at="2025-05-22T20:38:32 IST" name="AutomationSuite" finished-at="2025-05-22T20:40:00 IST" duration-ms="88255">
    <groups>
    </groups>
    <test started-at="2025-05-22T20:38:32 IST" name="CrossBrowserLoginTest" finished-at="2025-05-22T20:40:00 IST" duration-ms="88255">
      <class name="testCases.CrudOperation">
        <test-method is-config="true" signature="beforeTestMethod()[pri:0, instance:testCases.CrudOperation@1e6454ec]" started-at="2025-05-22T20:38:32 IST" name="beforeTestMethod" finished-at="2025-05-22T20:38:33 IST" duration-ms="355" status="PASS">
          <reporter-output>
          </reporter-output>
        </test-method> <!-- beforeTestMethod -->
        <test-method is-config="true" signature="beforeMethod(java.lang.String)[pri:0, instance:testCases.CrudOperation@1e6454ec]" started-at="2025-05-22T20:38:33 IST" name="beforeMethod" finished-at="2025-05-22T20:38:39 IST" duration-ms="6579" status="PASS">
          <params>
            <param index="0">
              <value>
                <![CDATA[chrome]]>
              </value>
            </param>
          </params>
          <reporter-output>
          </reporter-output>
        </test-method> <!-- beforeMethod -->
        <test-method signature="AddUser()[pri:0, instance:testCases.CrudOperation@1e6454ec]" started-at="2025-05-22T20:38:39 IST" name="AddUser" finished-at="2025-05-22T20:39:59 IST" duration-ms="80250" status="PASS">
          <reporter-output>
          </reporter-output>
        </test-method> <!-- AddUser -->
        <test-method is-config="true" signature="afterMethod(org.testng.ITestResult)[pri:0, instance:testCases.CrudOperation@1e6454ec]" started-at="2025-05-22T20:39:59 IST" name="afterMethod" finished-at="2025-05-22T20:39:59 IST" duration-ms="23" status="PASS">
          <params>
            <param index="0">
              <value>
                <![CDATA[[TestResult name=AddUser status=SUCCESS method=CrudOperation.AddUser()[pri:0, instance:testCases.CrudOperation@1e6454ec] output={null}]]]>
              </value>
            </param>
          </params>
          <reporter-output>
          </reporter-output>
        </test-method> <!-- afterMethod -->
        <test-method is-config="true" signature="teardown()[pri:0, instance:testCases.CrudOperation@1e6454ec]" started-at="2025-05-22T20:39:59 IST" name="teardown" finished-at="2025-05-22T20:40:00 IST" duration-ms="413" status="PASS">
          <reporter-output>
          </reporter-output>
        </test-method> <!-- teardown -->
        <test-method is-config="true" signature="afterTest()[pri:0, instance:testCases.CrudOperation@1e6454ec]" started-at="2025-05-22T20:40:00 IST" name="afterTest" finished-at="2025-05-22T20:40:00 IST" duration-ms="549" status="PASS">
          <reporter-output>
          </reporter-output>
        </test-method> <!-- afterTest -->
      </class> <!-- testCases.CrudOperation -->
    </test> <!-- CrossBrowserLoginTest -->
  </suite> <!-- AutomationSuite -->
</testng-results>
